# JRE version: OpenJDK Runtime Environment (8.0_152-b01) (build 1.8.0_152-release-915-b01)
# Java VM: OpenJDK 64-Bit Server VM (25.152-b01 mixed mode windows-amd64 compressed oops)
Heap:
 PSYoungGen      total 469504K, used 264134K [0x00000000e0000000, 0x00000000ff200000, 0x0000000100000000)
  eden space 440320K, 55% used [0x00000000e0000000,0x00000000eed62410,0x00000000fae00000)
  from space 29184K, 72% used [0x00000000fcc80000,0x00000000fe10f740,0x00000000fe900000)
  to   space 31232K, 0% used [0x00000000fae00000,0x00000000fae00000,0x00000000fcc80000)
 ParOldGen       total 109056K, used 84103K [0x00000000a0000000, 0x00000000a6a80000, 0x00000000e0000000)
  object space 109056K, 77% used [0x00000000a0000000,0x00000000a5221cc8,0x00000000a6a80000)
 Metaspace       used 90623K, capacity 96868K, committed 97112K, reserved 1132544K
  class space    used 11500K, capacity 13180K, committed 13184K, reserved 1048576K
GC Heap History (10 events):
Event: 3384.254 GC heap before
{Heap before GC invocations=24 (full 4):
 PSYoungGen      total 344064K, used 11437K [0x00000000e0000000, 0x00000000f6e00000, 0x0000000100000000)
  eden space 328704K, 0% used [0x00000000e0000000,0x00000000e0000000,0x00000000f4100000)
  from space 15360K, 74% used [0x00000000f5f00000,0x00000000f6a2b668,0x00000000f6e00000)
  to   space 23040K, 0% used [0x00000000f4100000,0x00000000f4100000,0x00000000f5780000)
 ParOldGen       total 59904K, used 54983K [0x00000000a0000000, 0x00000000a3a80000, 0x00000000e0000000)
  object space 59904K, 91% used [0x00000000a0000000,0x00000000a35b1fa8,0x00000000a3a80000)
 Metaspace       used 71501K, capacity 76020K, committed 76120K, reserved 1114112K
  class space    used 9339K, capacity 10580K, committed 10624K, reserved 1048576K
Event: 3386.920 GC heap after
Heap after GC invocations=24 (full 4):
 PSYoungGen      total 344064K, used 0K [0x00000000e0000000, 0x00000000f6e00000, 0x0000000100000000)
  eden space 328704K, 0% used [0x00000000e0000000,0x00000000e0000000,0x00000000f4100000)
  from space 15360K, 0% used [0x00000000f5f00000,0x00000000f5f00000,0x00000000f6e00000)
  to   space 23040K, 0% used [0x00000000f4100000,0x00000000f4100000,0x00000000f5780000)
 ParOldGen       total 109056K, used 55960K [0x00000000a0000000, 0x00000000a6a80000, 0x00000000e0000000)
  object space 109056K, 51% used [0x00000000a0000000,0x00000000a36a6058,0x00000000a6a80000)
 Metaspace       used 71333K, capacity 75704K, committed 76120K, reserved 1114112K
  class space    used 9308K, capacity 10531K, committed 10624K, reserved 1048576K
}
Event: 3458.172 GC heap before
{Heap before GC invocations=25 (full 4):
 PSYoungGen      total 344064K, used 328704K [0x00000000e0000000, 0x00000000f6e00000, 0x0000000100000000)
  eden space 328704K, 100% used [0x00000000e0000000,0x00000000f4100000,0x00000000f4100000)
  from space 15360K, 0% used [0x00000000f5f00000,0x00000000f5f00000,0x00000000f6e00000)
  to   space 23040K, 0% used [0x00000000f4100000,0x00000000f4100000,0x00000000f5780000)
 ParOldGen       total 109056K, used 55960K [0x00000000a0000000, 0x00000000a6a80000, 0x00000000e0000000)
  object space 109056K, 51% used [0x00000000a0000000,0x00000000a36a6058,0x00000000a6a80000)
 Metaspace       used 77348K, capacity 82142K, committed 82264K, reserved 1120256K
  class space    used 10015K, capacity 11362K, committed 11392K, reserved 1048576K
Event: 3458.300 GC heap after
Heap after GC invocations=25 (full 4):
 PSYoungGen      total 351744K, used 9644K [0x00000000e0000000, 0x00000000faa00000, 0x0000000100000000)
  eden space 328704K, 0% used [0x00000000e0000000,0x00000000e0000000,0x00000000f4100000)
  from space 23040K, 41% used [0x00000000f4100000,0x00000000f4a6b1f8,0x00000000f5780000)
  to   space 22016K, 0% used [0x00000000f9480000,0x00000000f9480000,0x00000000faa00000)
 ParOldGen       total 109056K, used 55968K [0x00000000a0000000, 0x00000000a6a80000, 0x00000000e0000000)
  object space 109056K, 51% used [0x00000000a0000000,0x00000000a36a8058,0x00000000a6a80000)
 Metaspace       used 77348K, capacity 82142K, committed 82264K, reserved 1120256K
  class space    used 10015K, capacity 11362K, committed 11392K, reserved 1048576K
}
Event: 3862.973 GC heap before
{Heap before GC invocations=26 (full 4):
 PSYoungGen      total 351744K, used 338348K [0x00000000e0000000, 0x00000000faa00000, 0x0000000100000000)
  eden space 328704K, 100% used [0x00000000e0000000,0x00000000f4100000,0x00000000f4100000)
  from space 23040K, 41% used [0x00000000f4100000,0x00000000f4a6b1f8,0x00000000f5780000)
  to   space 22016K, 0% used [0x00000000f9480000,0x00000000f9480000,0x00000000faa00000)
 ParOldGen       total 109056K, used 55968K [0x00000000a0000000, 0x00000000a6a80000, 0x00000000e0000000)
  object space 109056K, 51% used [0x00000000a0000000,0x00000000a36a8058,0x00000000a6a80000)
 Metaspace       used 79721K, capacity 85318K, committed 85464K, reserved 1122304K
  class space    used 10403K, capacity 11993K, committed 12032K, reserved 1048576K
Event: 3864.235 GC heap after
Heap after GC invocations=26 (full 4):
 PSYoungGen      total 398848K, used 9264K [0x00000000e0000000, 0x00000000fa180000, 0x0000000100000000)
  eden space 385536K, 0% used [0x00000000e0000000,0x00000000e0000000,0x00000000f7880000)
  from space 13312K, 69% used [0x00000000f9480000,0x00000000f9d8c058,0x00000000fa180000)
  to   space 20992K, 0% used [0x00000000f7880000,0x00000000f7880000,0x00000000f8d00000)
 ParOldGen       total 109056K, used 60811K [0x00000000a0000000, 0x00000000a6a80000, 0x00000000e0000000)
  object space 109056K, 55% used [0x00000000a0000000,0x00000000a3b62fa8,0x00000000a6a80000)
 Metaspace       used 79721K, capacity 85318K, committed 85464K, reserved 1122304K
  class space    used 10403K, capacity 11993K, committed 12032K, reserved 1048576K
}
Event: 4402.595 GC heap before
{Heap before GC invocations=27 (full 4):
 PSYoungGen      total 398848K, used 394800K [0x00000000e0000000, 0x00000000fa180000, 0x0000000100000000)
  eden space 385536K, 100% used [0x00000000e0000000,0x00000000f7880000,0x00000000f7880000)
  from space 13312K, 69% used [0x00000000f9480000,0x00000000f9d8c058,0x00000000fa180000)
  to   space 20992K, 0% used [0x00000000f7880000,0x00000000f7880000,0x00000000f8d00000)
 ParOldGen       total 109056K, used 60811K [0x00000000a0000000, 0x00000000a6a80000, 0x00000000e0000000)
  object space 109056K, 55% used [0x00000000a0000000,0x00000000a3b62fa8,0x00000000a6a80000)
 Metaspace       used 80833K, capacity 86772K, committed 87000K, reserved 1124352K
  class space    used 10517K, capacity 12184K, committed 12288K, reserved 1048576K
Event: 4402.758 GC heap after
Heap after GC invocations=27 (full 4):
 PSYoungGen      total 406528K, used 20981K [0x00000000e0000000, 0x00000000fe900000, 0x0000000100000000)
  eden space 385536K, 0% used [0x00000000e0000000,0x00000000e0000000,0x00000000f7880000)
  from space 20992K, 99% used [0x00000000f7880000,0x00000000f8cfd5b8,0x00000000f8d00000)
  to   space 29184K, 0% used [0x00000000fcc80000,0x00000000fcc80000,0x00000000fe900000)
 ParOldGen       total 109056K, used 75385K [0x00000000a0000000, 0x00000000a6a80000, 0x00000000e0000000)
  object space 109056K, 69% used [0x00000000a0000000,0x00000000a499e5d0,0x00000000a6a80000)
 Metaspace       used 80833K, capacity 86772K, committed 87000K, reserved 1124352K
  class space    used 10517K, capacity 12184K, committed 12288K, reserved 1048576K
}
Event: 4448.616 GC heap before
{Heap before GC invocations=28 (full 4):
 PSYoungGen      total 406528K, used 406517K [0x00000000e0000000, 0x00000000fe900000, 0x0000000100000000)
  eden space 385536K, 100% used [0x00000000e0000000,0x00000000f7880000,0x00000000f7880000)
  from space 20992K, 99% used [0x00000000f7880000,0x00000000f8cfd5b8,0x00000000f8d00000)
  to   space 29184K, 0% used [0x00000000fcc80000,0x00000000fcc80000,0x00000000fe900000)
 ParOldGen       total 109056K, used 75385K [0x00000000a0000000, 0x00000000a6a80000, 0x00000000e0000000)
  object space 109056K, 69% used [0x00000000a0000000,0x00000000a499e5d0,0x00000000a6a80000)
 Metaspace       used 90455K, capacity 96604K, committed 96856K, reserved 1132544K
  class space    used 11500K, capacity 13180K, committed 13184K, reserved 1048576K
Event: 4449.173 GC heap after
Heap after GC invocations=28 (full 4):
 PSYoungGen      total 469504K, used 21053K [0x00000000e0000000, 0x00000000ff200000, 0x0000000100000000)
  eden space 440320K, 0% used [0x00000000e0000000,0x00000000e0000000,0x00000000fae00000)
  from space 29184K, 72% used [0x00000000fcc80000,0x00000000fe10f740,0x00000000fe900000)
  to   space 31232K, 0% used [0x00000000fae00000,0x00000000fae00000,0x00000000fcc80000)
 ParOldGen       total 109056K, used 84103K [0x00000000a0000000, 0x00000000a6a80000, 0x00000000e0000000)
  object space 109056K, 77% used [0x00000000a0000000,0x00000000a5221cc8,0x00000000a6a80000)
 Metaspace       used 90455K, capacity 96604K, committed 96856K, reserved 1132544K
  class space    used 11500K, capacity 13180K, committed 13184K, reserved 1048576K
}

